# JRE version: Java(TM) SE Runtime Environment (8.0_241-b07) (build 1.8.0_241-b07)
# Java VM: Java HotSpot(TM) Client VM (25.241-b07 mixed mode windows-x86 )
Heap:
 def new generation   total 157504K, used 146816K [0x05000000, 0x0fae0000, 0x1ad50000)
  eden space 140032K, 100% used [0x05000000, 0x0d8c0000, 0x0d8c0000)
  from space 17472K,  38% used [0x0e9d0000, 0x0f0701c0, 0x0fae0000)
  to   space 17472K,   0% used [0x0d8c0000, 0x0d8e6ca0, 0x0e9d0000)
 tenured generation   total 349568K, used 95579K [0x1ad50000, 0x302b0000, 0x46800000)
   the space 349568K,  27% used [0x1ad50000, 0x20aa6c28, 0x20aa6e00, 0x302b0000)
 Metaspace       used 55606K, capacity 59358K, committed 59392K, reserved 59776K
GC Heap History (10 events):
Event: 8750.181 GC heap after
Heap after GC invocations=68 (full 4):
 def new generation   total 157504K, used 6609K [0x05000000, 0x0fae0000, 0x1ad50000)
  eden space 140032K,   0% used [0x05000000, 0x05000000, 0x0d8c0000)
  from space 17472K,  37% used [0x0e9d0000, 0x0f044730, 0x0fae0000)
  to   space 17472K,   0% used [0x0d8c0000, 0x0d8c0000, 0x0e9d0000)
 tenured generation   total 349568K, used 95579K [0x1ad50000, 0x302b0000, 0x46800000)
   the space 349568K,  27% used [0x1ad50000, 0x20aa6c28, 0x20aa6e00, 0x302b0000)
 Metaspace       used 55450K, capacity 59145K, committed 59264K, reserved 59776K
}
Event: 8892.949 GC heap before
{Heap before GC invocations=68 (full 4):
 def new generation   total 157504K, used 146641K [0x05000000, 0x0fae0000, 0x1ad50000)
  eden space 140032K, 100% used [0x05000000, 0x0d8c0000, 0x0d8c0000)
  from space 17472K,  37% used [0x0e9d0000, 0x0f044750, 0x0fae0000)
  to   space 17472K,   0% used [0x0d8c0000, 0x0d8c0000, 0x0e9d0000)
 tenured generation   total 349568K, used 95579K [0x1ad50000, 0x302b0000, 0x46800000)
   the space 349568K,  27% used [0x1ad50000, 0x20aa6c28, 0x20aa6e00, 0x302b0000)
 Metaspace       used 55478K, capacity 59182K, committed 59264K, reserved 59776K
Event: 8892.972 GC heap after
Heap after GC invocations=69 (full 4):
 def new generation   total 157504K, used 6563K [0x05000000, 0x0fae0000, 0x1ad50000)
  eden space 140032K,   0% used [0x05000000, 0x05000000, 0x0d8c0000)
  from space 17472K,  37% used [0x0d8c0000, 0x0df28e18, 0x0e9d0000)
  to   space 17472K,   0% used [0x0e9d0000, 0x0e9d0000, 0x0fae0000)
 tenured generation   total 349568K, used 95579K [0x1ad50000, 0x302b0000, 0x46800000)
   the space 349568K,  27% used [0x1ad50000, 0x20aa6c28, 0x20aa6e00, 0x302b0000)
 Metaspace       used 55478K, capacity 59182K, committed 59264K, reserved 59776K
}
Event: 8951.833 GC heap before
{Heap before GC invocations=69 (full 4):
 def new generation   total 157504K, used 146595K [0x05000000, 0x0fae0000, 0x1ad50000)
  eden space 140032K, 100% used [0x05000000, 0x0d8c0000, 0x0d8c0000)
  from space 17472K,  37% used [0x0d8c0000, 0x0df28e18, 0x0e9d0000)
  to   space 17472K,   0% used [0x0e9d0000, 0x0e9d0000, 0x0fae0000)
 tenured generation   total 349568K, used 95579K [0x1ad50000, 0x302b0000, 0x46800000)
   the space 349568K,  27% used [0x1ad50000, 0x20aa6c28, 0x20aa6e00, 0x302b0000)
 Metaspace       used 55523K, capacity 59242K, committed 59392K, reserved 59776K
Event: 8951.856 GC heap after
Heap after GC invocations=70 (full 4):
 def new generation   total 157504K, used 6666K [0x05000000, 0x0fae0000, 0x1ad50000)
  eden space 140032K,   0% used [0x05000000, 0x05000000, 0x0d8c0000)
  from space 17472K,  38% used [0x0e9d0000, 0x0f052b90, 0x0fae0000)
  to   space 17472K,   0% used [0x0d8c0000, 0x0d8c0000, 0x0e9d0000)
 tenured generation   total 349568K, used 95579K [0x1ad50000, 0x302b0000, 0x46800000)
   the space 349568K,  27% used [0x1ad50000, 0x20aa6c28, 0x20aa6e00, 0x302b0000)
 Metaspace       used 55523K, capacity 59242K, committed 59392K, reserved 59776K
}
Event: 8970.667 GC heap before
{Heap before GC invocations=70 (full 4):
 def new generation   total 157504K, used 146698K [0x05000000, 0x0fae0000, 0x1ad50000)
  eden space 140032K, 100% used [0x05000000, 0x0d8c0000, 0x0d8c0000)
  from space 17472K,  38% used [0x0e9d0000, 0x0f052b90, 0x0fae0000)
  to   space 17472K,   0% used [0x0d8c0000, 0x0d8c0000, 0x0e9d0000)
 tenured generation   total 349568K, used 95579K [0x1ad50000, 0x302b0000, 0x46800000)
   the space 349568K,  27% used [0x1ad50000, 0x20aa6c28, 0x20aa6e00, 0x302b0000)
 Metaspace       used 55571K, capacity 59311K, committed 59392K, reserved 59776K
Event: 8970.691 GC heap after
Heap after GC invocations=71 (full 4):
 def new generation   total 157504K, used 6825K [0x05000000, 0x0fae0000, 0x1ad50000)
  eden space 140032K,   0% used [0x05000000, 0x05000000, 0x0d8c0000)
  from space 17472K,  39% used [0x0d8c0000, 0x0df6a410, 0x0e9d0000)
  to   space 17472K,   0% used [0x0e9d0000, 0x0e9d0000, 0x0fae0000)
 tenured generation   total 349568K, used 95579K [0x1ad50000, 0x302b0000, 0x46800000)
   the space 349568K,  27% used [0x1ad50000, 0x20aa6c28, 0x20aa6e00, 0x302b0000)
 Metaspace       used 55571K, capacity 59311K, committed 59392K, reserved 59776K
}
Event: 8982.565 GC heap before
{Heap before GC invocations=71 (full 4):
 def new generation   total 157504K, used 146857K [0x05000000, 0x0fae0000, 0x1ad50000)
  eden space 140032K, 100% used [0x05000000, 0x0d8c0000, 0x0d8c0000)
  from space 17472K,  39% used [0x0d8c0000, 0x0df6a410, 0x0e9d0000)
  to   space 17472K,   0% used [0x0e9d0000, 0x0e9d0000, 0x0fae0000)
 tenured generation   total 349568K, used 95579K [0x1ad50000, 0x302b0000, 0x46800000)
   the space 349568K,  27% used [0x1ad50000, 0x20aa6c28, 0x20aa6e00, 0x302b0000)
 Metaspace       used 55587K, capacity 59331K, committed 59392K, reserved 59776K
Event: 8982.588 GC heap after
Heap after GC invocations=72 (full 4):
 def new generation   total 157504K, used 6784K [0x05000000, 0x0fae0000, 0x1ad50000)
  eden space 140032K,   0% used [0x05000000, 0x05000000, 0x0d8c0000)
  from space 17472K,  38% used [0x0e9d0000, 0x0f0701c0, 0x0fae0000)
  to   space 17472K,   0% used [0x0d8c0000, 0x0d8c0000, 0x0e9d0000)
 tenured generation   total 349568K, used 95579K [0x1ad50000, 0x302b0000, 0x46800000)
   the space 349568K,  27% used [0x1ad50000, 0x20aa6c28, 0x20aa6e00, 0x302b0000)
 Metaspace       used 55587K, capacity 59331K, committed 59392K, reserved 59776K
}
Event: 8993.332 GC heap before
{Heap before GC invocations=72 (full 4):
 def new generation   total 157504K, used 146816K [0x05000000, 0x0fae0000, 0x1ad50000)
  eden space 140032K, 100% used [0x05000000, 0x0d8c0000, 0x0d8c0000)
  from space 17472K,  38% used [0x0e9d0000, 0x0f0701c0, 0x0fae0000)
  to   space 17472K,   0% used [0x0d8c0000, 0x0d8c0000, 0x0e9d0000)
 tenured generation   total 349568K, used 95579K [0x1ad50000, 0x302b0000, 0x46800000)
   the space 349568K,  27% used [0x1ad50000, 0x20aa6c28, 0x20aa6e00, 0x302b0000)
 Metaspace       used 55606K, capacity 59358K, committed 59392K, reserved 59776K

