# JRE version: Java(TM) SE Runtime Environment (8.0_241-b07) (build 1.8.0_241-b07)
# Java VM: Java HotSpot(TM) Client VM (25.241-b07 mixed mode windows-x86 )
Heap:
 def new generation   total 157376K, used 141147K [0x05400000, 0x0fec0000, 0x1b150000)
  eden space 139904K, 100% used [0x05400000, 0x0dca0000, 0x0dca0000)
  from space 17472K,   7% used [0x0edb0000, 0x0eee6ce0, 0x0fec0000)
  to   space 17472K,   0% used [0x0dca0000, 0x0dcacc58, 0x0edb0000)
 tenured generation   total 349568K, used 190876K [0x1b150000, 0x306b0000, 0x46c00000)
   the space 349568K,  54% used [0x1b150000, 0x26bb7330, 0x26bb7400, 0x306b0000)
 Metaspace       used 52729K, capacity 55474K, committed 55552K, reserved 55680K
GC Heap History (10 events):
Event: 656.794 GC heap after
Heap after GC invocations=55 (full 3):
 def new generation   total 157376K, used 1321K [0x05400000, 0x0fec0000, 0x1b150000)
  eden space 139904K,   0% used [0x05400000, 0x05400000, 0x0dca0000)
  from space 17472K,   7% used [0x0edb0000, 0x0eefa568, 0x0fec0000)
  to   space 17472K,   0% used [0x0dca0000, 0x0dca0000, 0x0edb0000)
 tenured generation   total 349568K, used 190709K [0x1b150000, 0x306b0000, 0x46c00000)
   the space 349568K,  54% used [0x1b150000, 0x26b8d690, 0x26b8d800, 0x306b0000)
 Metaspace       used 52685K, capacity 55417K, committed 55424K, reserved 55680K
}
Event: 661.412 GC heap before
{Heap before GC invocations=55 (full 3):
 def new generation   total 157376K, used 141225K [0x05400000, 0x0fec0000, 0x1b150000)
  eden space 139904K, 100% used [0x05400000, 0x0dca0000, 0x0dca0000)
  from space 17472K,   7% used [0x0edb0000, 0x0eefa568, 0x0fec0000)
  to   space 17472K,   0% used [0x0dca0000, 0x0dca0000, 0x0edb0000)
 tenured generation   total 349568K, used 190709K [0x1b150000, 0x306b0000, 0x46c00000)
   the space 349568K,  54% used [0x1b150000, 0x26b8d690, 0x26b8d800, 0x306b0000)
 Metaspace       used 52691K, capacity 55425K, committed 55552K, reserved 55680K
Event: 661.421 GC heap after
Heap after GC invocations=56 (full 3):
 def new generation   total 157376K, used 1257K [0x05400000, 0x0fec0000, 0x1b150000)
  eden space 139904K,   0% used [0x05400000, 0x05400000, 0x0dca0000)
  from space 17472K,   7% used [0x0dca0000, 0x0ddda518, 0x0edb0000)
  to   space 17472K,   0% used [0x0edb0000, 0x0edb0000, 0x0fec0000)
 tenured generation   total 349568K, used 190764K [0x1b150000, 0x306b0000, 0x46c00000)
   the space 349568K,  54% used [0x1b150000, 0x26b9b100, 0x26b9b200, 0x306b0000)
 Metaspace       used 52691K, capacity 55425K, committed 55552K, reserved 55680K
}
Event: 666.779 GC heap before
{Heap before GC invocations=56 (full 3):
 def new generation   total 157376K, used 141161K [0x05400000, 0x0fec0000, 0x1b150000)
  eden space 139904K, 100% used [0x05400000, 0x0dca0000, 0x0dca0000)
  from space 17472K,   7% used [0x0dca0000, 0x0ddda518, 0x0edb0000)
  to   space 17472K,   0% used [0x0edb0000, 0x0edb0000, 0x0fec0000)
 tenured generation   total 349568K, used 190764K [0x1b150000, 0x306b0000, 0x46c00000)
   the space 349568K,  54% used [0x1b150000, 0x26b9b100, 0x26b9b200, 0x306b0000)
 Metaspace       used 52700K, capacity 55437K, committed 55552K, reserved 55680K
Event: 666.787 GC heap after
Heap after GC invocations=57 (full 3):
 def new generation   total 157376K, used 1061K [0x05400000, 0x0fec0000, 0x1b150000)
  eden space 139904K,   0% used [0x05400000, 0x05400000, 0x0dca0000)
  from space 17472K,   6% used [0x0edb0000, 0x0eeb9428, 0x0fec0000)
  to   space 17472K,   0% used [0x0dca0000, 0x0dca0000, 0x0edb0000)
 tenured generation   total 349568K, used 190792K [0x1b150000, 0x306b0000, 0x46c00000)
   the space 349568K,  54% used [0x1b150000, 0x26ba20c8, 0x26ba2200, 0x306b0000)
 Metaspace       used 52700K, capacity 55437K, committed 55552K, reserved 55680K
}
Event: 672.768 GC heap before
{Heap before GC invocations=57 (full 3):
 def new generation   total 157376K, used 140965K [0x05400000, 0x0fec0000, 0x1b150000)
  eden space 139904K, 100% used [0x05400000, 0x0dca0000, 0x0dca0000)
  from space 17472K,   6% used [0x0edb0000, 0x0eeb9428, 0x0fec0000)
  to   space 17472K,   0% used [0x0dca0000, 0x0dca0000, 0x0edb0000)
 tenured generation   total 349568K, used 190792K [0x1b150000, 0x306b0000, 0x46c00000)
   the space 349568K,  54% used [0x1b150000, 0x26ba20c8, 0x26ba2200, 0x306b0000)
 Metaspace       used 52713K, capacity 55453K, committed 55552K, reserved 55680K
Event: 672.777 GC heap after
Heap after GC invocations=58 (full 3):
 def new generation   total 157376K, used 1184K [0x05400000, 0x0fec0000, 0x1b150000)
  eden space 139904K,   0% used [0x05400000, 0x05400000, 0x0dca0000)
  from space 17472K,   6% used [0x0dca0000, 0x0ddc8020, 0x0edb0000)
  to   space 17472K,   0% used [0x0edb0000, 0x0edb0000, 0x0fec0000)
 tenured generation   total 349568K, used 190828K [0x1b150000, 0x306b0000, 0x46c00000)
   the space 349568K,  54% used [0x1b150000, 0x26bab038, 0x26bab200, 0x306b0000)
 Metaspace       used 52713K, capacity 55453K, committed 55552K, reserved 55680K
}
Event: 677.980 GC heap before
{Heap before GC invocations=58 (full 3):
 def new generation   total 157376K, used 141088K [0x05400000, 0x0fec0000, 0x1b150000)
  eden space 139904K, 100% used [0x05400000, 0x0dca0000, 0x0dca0000)
  from space 17472K,   6% used [0x0dca0000, 0x0ddc8020, 0x0edb0000)
  to   space 17472K,   0% used [0x0edb0000, 0x0edb0000, 0x0fec0000)
 tenured generation   total 349568K, used 190828K [0x1b150000, 0x306b0000, 0x46c00000)
   the space 349568K,  54% used [0x1b150000, 0x26bab038, 0x26bab200, 0x306b0000)
 Metaspace       used 52722K, capacity 55466K, committed 55552K, reserved 55680K
Event: 677.989 GC heap after
Heap after GC invocations=59 (full 3):
 def new generation   total 157376K, used 1243K [0x05400000, 0x0fec0000, 0x1b150000)
  eden space 139904K,   0% used [0x05400000, 0x05400000, 0x0dca0000)
  from space 17472K,   7% used [0x0edb0000, 0x0eee6ce0, 0x0fec0000)
  to   space 17472K,   0% used [0x0dca0000, 0x0dca0000, 0x0edb0000)
 tenured generation   total 349568K, used 190873K [0x1b150000, 0x306b0000, 0x46c00000)
   the space 349568K,  54% used [0x1b150000, 0x26bb65e8, 0x26bb6600, 0x306b0000)
 Metaspace       used 52722K, capacity 55466K, committed 55552K, reserved 55680K
}
Event: 682.402 GC heap before
{Heap before GC invocations=59 (full 3):
 def new generation   total 157376K, used 141147K [0x05400000, 0x0fec0000, 0x1b150000)
  eden space 139904K, 100% used [0x05400000, 0x0dca0000, 0x0dca0000)
  from space 17472K,   7% used [0x0edb0000, 0x0eee6ce0, 0x0fec0000)
  to   space 17472K,   0% used [0x0dca0000, 0x0dca0000, 0x0edb0000)
 tenured generation   total 349568K, used 190873K [0x1b150000, 0x306b0000, 0x46c00000)
   the space 349568K,  54% used [0x1b150000, 0x26bb65e8, 0x26bb6600, 0x306b0000)
 Metaspace       used 52729K, capacity 55474K, committed 55552K, reserved 55680K

